<?xml version="1.0" encoding="UTF-8"?>
<!-- Generated by org.testng.reporters.JUnitReportReporter -->
<testsuite hostname="DESKTOP-LOTSCU6" failures="0" tests="1" name="AmazonTestCases.TestCases" time="141.734" errors="0" timestamp="2024-08-09T22:26:20 IST" skipped="0">
  <testcase classname="AmazonTestCases.TestCases" name="TC03" time="141.734"/>
</testsuite> <!-- AmazonTestCases.TestCases -->
